27-Nov-2025 21:45:39.646 INFO [main] org.apache.catalina.startup.VersionLoggerListener.log Server version name:   Apache Tomcat/9.0.112
27-Nov-2025 21:45:39.649 INFO [main] org.apache.catalina.startup.VersionLoggerListener.log Server built:          Nov 6 2025 07:46:18 UTC
27-Nov-2025 21:45:39.650 INFO [main] org.apache.catalina.startup.VersionLoggerListener.log Server version number: 9.0.112.0
27-Nov-2025 21:45:39.650 INFO [main] org.apache.catalina.startup.VersionLoggerListener.log OS Name:               Linux
27-Nov-2025 21:45:39.650 INFO [main] org.apache.catalina.startup.VersionLoggerListener.log OS Version:            6.6.87.2-microsoft-standard-WSL2
27-Nov-2025 21:45:39.650 INFO [main] org.apache.catalina.startup.VersionLoggerListener.log Architecture:          amd64
27-Nov-2025 21:45:39.650 INFO [main] org.apache.catalina.startup.VersionLoggerListener.log Java Home:             /opt/java/openjdk
27-Nov-2025 21:45:39.650 INFO [main] org.apache.catalina.startup.VersionLoggerListener.log JVM Version:           17.0.17+10
27-Nov-2025 21:45:39.650 INFO [main] org.apache.catalina.startup.VersionLoggerListener.log JVM Vendor:            Eclipse Adoptium
27-Nov-2025 21:45:39.650 INFO [main] org.apache.catalina.startup.VersionLoggerListener.log CATALINA_BASE:         /usr/local/tomcat
27-Nov-2025 21:45:39.650 INFO [main] org.apache.catalina.startup.VersionLoggerListener.log CATALINA_HOME:         /usr/local/tomcat
27-Nov-2025 21:45:39.658 INFO [main] org.apache.catalina.startup.VersionLoggerListener.log Command line argument: --add-opens=java.base/java.lang=ALL-UNNAMED
27-Nov-2025 21:45:39.658 INFO [main] org.apache.catalina.startup.VersionLoggerListener.log Command line argument: --add-opens=java.base/java.lang.invoke=ALL-UNNAMED
27-Nov-2025 21:45:39.658 INFO [main] org.apache.catalina.startup.VersionLoggerListener.log Command line argument: --add-opens=java.base/java.lang.reflect=ALL-UNNAMED
27-Nov-2025 21:45:39.658 INFO [main] org.apache.catalina.startup.VersionLoggerListener.log Command line argument: --add-opens=java.base/java.io=ALL-UNNAMED
27-Nov-2025 21:45:39.658 INFO [main] org.apache.catalina.startup.VersionLoggerListener.log Command line argument: --add-opens=java.base/java.util=ALL-UNNAMED
27-Nov-2025 21:45:39.658 INFO [main] org.apache.catalina.startup.VersionLoggerListener.log Command line argument: --add-opens=java.base/java.util.concurrent=ALL-UNNAMED
27-Nov-2025 21:45:39.658 INFO [main] org.apache.catalina.startup.VersionLoggerListener.log Command line argument: --add-opens=java.rmi/sun.rmi.transport=ALL-UNNAMED
27-Nov-2025 21:45:39.659 INFO [main] org.apache.catalina.startup.VersionLoggerListener.log Command line argument: -Djava.util.logging.config.file=/usr/local/tomcat/conf/logging.properties
27-Nov-2025 21:45:39.659 INFO [main] org.apache.catalina.startup.VersionLoggerListener.log Command line argument: -Djava.util.logging.manager=org.apache.juli.ClassLoaderLogManager
27-Nov-2025 21:45:39.659 INFO [main] org.apache.catalina.startup.VersionLoggerListener.log Command line argument: -Xmx512m
27-Nov-2025 21:45:39.659 INFO [main] org.apache.catalina.startup.VersionLoggerListener.log Command line argument: -Dlogging.level.com.example.lab5=INFO
27-Nov-2025 21:45:39.659 INFO [main] org.apache.catalina.startup.VersionLoggerListener.log Command line argument: -Djdk.tls.ephemeralDHKeySize=2048
27-Nov-2025 21:45:39.659 INFO [main] org.apache.catalina.startup.VersionLoggerListener.log Command line argument: -Djava.protocol.handler.pkgs=org.apache.catalina.webresources
27-Nov-2025 21:45:39.659 INFO [main] org.apache.catalina.startup.VersionLoggerListener.log Command line argument: -Dsun.io.useCanonCaches=false
27-Nov-2025 21:45:39.659 INFO [main] org.apache.catalina.startup.VersionLoggerListener.log Command line argument: -Dorg.apache.catalina.security.SecurityListener.UMASK=0027
27-Nov-2025 21:45:39.659 INFO [main] org.apache.catalina.startup.VersionLoggerListener.log Command line argument: -Dignore.endorsed.dirs=
27-Nov-2025 21:45:39.659 INFO [main] org.apache.catalina.startup.VersionLoggerListener.log Command line argument: -Dcatalina.base=/usr/local/tomcat
27-Nov-2025 21:45:39.659 INFO [main] org.apache.catalina.startup.VersionLoggerListener.log Command line argument: -Dcatalina.home=/usr/local/tomcat
27-Nov-2025 21:45:39.659 INFO [main] org.apache.catalina.startup.VersionLoggerListener.log Command line argument: -Djava.io.tmpdir=/usr/local/tomcat/temp
27-Nov-2025 21:45:39.664 INFO [main] org.apache.catalina.core.AprLifecycleListener.lifecycleEvent Loaded Apache Tomcat Native library [1.3.1] using APR version [1.7.2].
27-Nov-2025 21:45:39.664 INFO [main] org.apache.catalina.core.AprLifecycleListener.lifecycleEvent APR capabilities: IPv6 [true], sendfile [true], accept filters [false], random [true], UDS [true].
27-Nov-2025 21:45:39.664 INFO [main] org.apache.catalina.core.AprLifecycleListener.lifecycleEvent APR/OpenSSL configuration: useAprConnector [false], useOpenSSL [true]
27-Nov-2025 21:45:39.670 INFO [main] org.apache.catalina.core.AprLifecycleListener.initializeSSL OpenSSL successfully initialized [OpenSSL 3.0.13 30 Jan 2024]
27-Nov-2025 21:45:39.846 INFO [main] org.apache.coyote.AbstractProtocol.init Initializing ProtocolHandler ["http-nio-8080"]
27-Nov-2025 21:45:39.864 INFO [main] org.apache.catalina.startup.Catalina.load Server initialization in [334] milliseconds
27-Nov-2025 21:45:39.893 INFO [main] org.apache.catalina.core.StandardService.startInternal Starting service [Catalina]
27-Nov-2025 21:45:39.894 INFO [main] org.apache.catalina.core.StandardEngine.startInternal Starting Servlet engine: [Apache Tomcat/9.0.112]
27-Nov-2025 21:45:39.906 INFO [main] org.apache.catalina.startup.HostConfig.deployWAR Deploying web application archive [/usr/local/tomcat/webapps/ROOT.war]
27-Nov-2025 21:45:40.288 INFO [main] org.apache.jasper.servlet.TldScanner.scanJars At least one JAR was scanned for TLDs yet contained no TLDs. Enable debug logging for this logger for a complete list of JARs that were scanned but no TLDs were found in them. Skipping unneeded JARs during scanning can improve startup time and JSP compilation time.
27-Nov-2025 21:45:40.307 INFO [main] com.example.lab5.Lab5Application.contextInitialized === Lab5 Manual Application Starting ===
27-Nov-2025 21:45:40.311 INFO [main] com.example.lab5.Lab5Application.contextInitialized Initializing database connections...
27-Nov-2025 21:45:40.311 INFO [main] com.example.lab5.Lab5Application.contextInitialized Loading configuration...
27-Nov-2025 21:45:40.311 INFO [main] com.example.lab5.Lab5Application.contextInitialized === Lab5 Manual Application Started Successfully ===
27-Nov-2025 21:45:40.312 INFO [main] com.example.lab5.Lab5Application.contextInitialized Database initialized successfully
27-Nov-2025 21:45:40.338 INFO [main] org.apache.catalina.startup.HostConfig.deployWAR Deployment of web application archive [/usr/local/tomcat/webapps/ROOT.war] has finished in [431] ms
27-Nov-2025 21:45:40.342 INFO [main] org.apache.coyote.AbstractProtocol.start Starting ProtocolHandler ["http-nio-8080"]
27-Nov-2025 21:45:40.352 INFO [main] org.apache.catalina.startup.Catalina.start Server startup in [488] milliseconds
27-Nov-2025 21:45:44.650 INFO [http-nio-8080-exec-2] com.example.lab5.servlets.UserServlet.init UserServlet initialized with Basic Auth
27-Nov-2025 21:45:44.650 INFO [http-nio-8080-exec-2] com.example.lab5.servlets.UserServlet.doGet GET request for path: null
